<?xml version="1.0" encoding="UTF-8"?>
<!-- Generated by org.testng.reporters.JUnitReportReporter -->
<testsuite hostname="LAPTOP-JM8RN7EK" failures="0" tests="1" name="com.redbus.TestCases.TC_LoginTest_001" time="31.726" errors="0" timestamp="2022-06-15T14:38:54 IST" skipped="0">
  <testcase classname="com.redbus.TestCases.TC_LoginTest_001" name="searchBuses" time="31.726"/>
  <system-out/>
</testsuite> <!-- com.redbus.TestCases.TC_LoginTest_001 -->
